2018-10-08 11:22:30 [sunshine.pipelines] WARNING: {'content': ['在东城樟村（文华路）华业大厦门前的人行道上空，高高挂在一批空调外机，威胁行人安全！恳请政府部门出面处理！',
             '1、这一排空调外机，是属于旁边的“食返味”餐厅的员工宿舍，未经华业大厦业主允许，擅自违规在大厦外墙露空安装，威胁业主和行人的安全。',
             '2、这一排空调外机就刚好在华业大厦C栋出口的上空，业主出入，都担心这个高空“炸弹”；',
             '3、这一排空调外机就刚好在华业大厦门前的人行道上空，人行道上人来人往的，这个高空“炸弹”就是一个安全威胁。',
             '4、这一排空调外机，在空调工作的时候，不停漏水滴水下来，洒在过往业主和行人的头上，地上也一窝水。',
             '5、这一排空调外机，安装也不牢固，支架也已生锈，在风比较大的时候，随时可能掉落。在上一次大台风中，有摇晃，就差点掉落下来。',
             '6、“食返味”餐厅的员工经常在空调外机的支架上晾晒衣物，影响市容市貌！',
             '此情况已反映给“食返味”餐厅，但他们不予理会。恳请政府部门出面处理，拆除！还附近市民一个安全的出行环境。',
             '（位置：华业大厦起点洗车店门口，“华业大厦”招牌旁边。）'],
 'content_img': ['http://wz.sun0769.com/uploads/attached/2018/10/c8056190682583787032cae06583fe48.png'],
 'href': 'http://wz.sun0769.com/html/question/201810/388186.shtml',
 'publish_date': '2018-10-08 10:56:53',
 'title': '东城樟村华业大厦门外人行道，高空的空调挂机存在安全隐患！'}
2018-10-08 11:22:30 [sunshine.pipelines] WARNING: {'content': ['《中华人民共和国环境噪音污染防治法》第四十五条明确规定，禁止任何单位、个人在城市市区噪声敏感建设物集中区域内使用高音广播喇叭。在城市市区街道、广场、公园等公共场所组织娱乐、集会等活动，使用音响器材可能产生干扰周围生活环境的过大音量的，必须遵守当地公安机关的规定。',
             '根据《中华人民共和国环境噪音污染防治法》第五十八条的规定，由公安机关给予警告，可以并处罚款。同时根据《中华人民共和国环境噪音污染防治法》第六十一条第一款的规定，受到环境噪声污染危害的单位和个人，有权要求加害人排除危害;造成损失的，依法赔偿损失。',
             '望牛墩文化广场跳广场舞时播放的音乐，已严重超出了国家规定的分贝，己严重影响到附近几百住户的休息权，己构成了《中华人民共和国环境噪音污染防治法》中的社会生活噪音污染，属于违法行为。法律己明确认定为违法行为，为什么望牛墩文化广场广场舞噪音污染沒有人管理，打110报警，说不归他们管，投诉广场管理处，说他们沒有执法权管不了。',
             '噪音污染甚比黑暗势力，希望有关职能部门有所作为，严格控制广场舞噪音的分贝，还给市民一个清静的环境。'],
 'content_img': [],
 'href': 'http://wz.sun0769.com/html/question/201810/388200.shtml',
 'publish_date': '2018-10-08 10:54:42',
 'title': '望牛墩文化广场广场舞噪音污染'}
2018-10-08 11:22:30 [sunshine.pipelines] WARNING: {'content': ['东莞南城恒大雅苑42栋1289饭店商铺，赣湘饭馆油烟大，抽烟机声音扰民，42栋1单元2楼以上业主受影响巨大，希望相关部门给予重视，谢谢'],
 'content_img': [],
 'href': 'http://wz.sun0769.com/html/question/201810/388187.shtml',
 'publish_date': '2018-10-08 10:57:53',
 'title': '东莞南城恒大雅苑商铺抽油烟机噪音扰民'}
2018-10-08 11:22:30 [sunshine.pipelines] WARNING: {'content': ['家住寮步镇金富东路1号康城假日，2018年10月7号凌晨3-5点，直接被工厂排放的废气给熏醒来，这个废气一直都间歇性的排放，多半都在半夜和凌晨，今天凌晨这一次特别刺鼻，连小孩都在网上哭闹不止，才有9个月的娃，如果一直被这些废气污染，谁来为他们的未来买单。康城假日每位住户家都有几个小孩，如果听任工厂废气的任意排放，谁来为这些孩子的健康买单，请有关部门一定要有所措施来控制此类事件的发生。平常走路散步在金富二路，华南工业园区内，都能闻到一股刺鼻的气味，这些工厂的废气排放处理设施是否合格，有关部门的监管是否到位，经济的高速发展不能以牺牲生活环境和质量来完成，所有工厂都不应该只图省事，这样排放废气。希望有关部门给出具体措施，并实施到位，对园区居民一个交代。'],
 'content_img': [],
 'href': 'http://wz.sun0769.com/html/question/201810/388161.shtml',
 'publish_date': '2018-10-07 11:29:54',
 'title': '华南工业园废气排放严重影响居民生活质量'}
2018-10-08 11:22:30 [sunshine.pipelines] WARNING: {'content': ['我于去年十一期间去黄江中信红树山看房，明知我们没有东莞社保没有购房资格情况下，开发商承诺可以多花四万购买东莞户口解决社保名额问题，我们就认购了一套101平的三房，在当月找亲戚朋友借钱后付了三成首付近七十万，并签订购房合同，结果等到年底也没解决社保问题，今年2月份的时候销售说四万行不通了，让我们交8000块钱由开发商找人替我们买社保，我们交了钱给他们，买到8月份买够了6个月，结果突然告诉我们要签双合同，因为说政府限价一万七，认购的价格是两万二，网签不了，开发商让我们签阴阳合同，也就是将购房款拆分一部分为装修款，做低单价网签，因此要我们追加首付30多万，我们连首付都是借来的，根本没有钱，销售就说没有关系，可以帮我们搞装修贷贷款来筹到这三十万，并诱导我们如果签了双合同可以减免我们三年物业费并送3台空调，其实我们精装房本身就是带空调的，后来又说可以折换成1万块钱。他们说如果不签双合同的话，就要一直续交社保，且无法保证何时可以网签，要一直等下去，即使到了合同上约定的交房的时间也因为没有网签而无法交房。我心想欠了这么多钱，心里没底，而且等待网签没有期限，到了年底该交房的时候不交房，我又要继续付房租。于是我要求退款，但开发商不同意，说什么不是他们的问题，是政府的问题导致我们无法网签，叫我去找政府闹，光天化日，朗朗乾坤，他们居然可以这么颠倒黑白。现在他们就这么耗着我们，要我们无限制等下去。我们现在几十万欠账每个月付息，房子没有到手，不知道要等到什么时候到手或者根本没机会拿到房子和钱了，本来买房都是为了孩子读书，现在孩子上学时间到了房子还没影，希望政府能帮帮我们这些底层人民。开发商明知政府限购，我们没有社保不满足购房条件，诱导我们先签合同付首付再买社保，明知政府限价仍然诱导我们高价认购，现在网签不成又诱导我们拆分合同，拆分合同不成又诱导我们埋怨政府，一计不成又生一计，其心可诛。开发商一方面无视政府政策规定，一方面坑钱广大人民群众，政府如果不出面管管的话我觉得天理难容。'],
 'content_img': [],
 'href': 'http://wz.sun0769.com/html/question/201810/388205.shtml',
 'publish_date': '2018-10-08 11:06:08',
 'title': '黄江中信红树山欺骗消费者高价购房，导致用户不能网签开发商也不退款'}
2018-10-08 11:22:30 [sunshine.pipelines] WARNING: {'content': ['我反映一下，石龙镇新城区泗洲老村（拆除中），经常（昨晚也有，味道更大）有人晚上或深夜焚烧塑胶，电线等垃圾，经常下班的时候闻到浓烈的类似电线烧焦的味道，甚至有时候半夜会被臭醒！！！之前政府在此处有派人进行针对监控，请问现在有无相关部门管理。\u200b\u200b\u200b'],
 'content_img': [],
 'href': 'http://wz.sun0769.com/html/question/201810/388204.shtml',
 'publish_date': '2018-10-08 11:03:22',
 'title': '泗洲村垃圾焚烧'}
2018-10-08 11:22:30 [sunshine.pipelines] WARNING: {'content': ['在虎门镇北面蛇头湾（八围村后面）农田大量建筑垃圾回填，导致排水严重堵塞，污水横流。',
             '该项目是否经相关部门审批批准回填，破坏农田。',
             '望相关部门尽快处理为谢，还群众一个美好的生活坏境。'],
 'content_img': ['http://wz.sun0769.com/uploads/attached/2018/10/3fa3548f987bd383ac882a545610a07a.jpg'],
 'href': 'http://wz.sun0769.com/html/question/201810/388166.shtml',
 'publish_date': '2018-10-07 11:30:25',
 'title': '农田大量回填建筑垃圾'}
2018-10-08 11:22:30 [sunshine.pipelines] WARNING: {'content': ['莞城北门广场每天早上七八点有人用麦大声唱粤曲，严重影响附近居民作息，请有关部门尽快受理。'],
 'content_img': ['http://wz.sun0769.com/uploads/attached/2018/10/4d3c57ef676079e7ee3e576910d69afb.jpg'],
 'href': 'http://wz.sun0769.com/html/question/201810/388168.shtml',
 'publish_date': '2018-10-07 11:31:16',
 'title': '噪音扰民'}
2018-10-08 11:22:30 [sunshine.pipelines] WARNING: {'content': ['中堂镇中天城市广场BBFaceKTV每天晚上8点至次日凌晨5点违规通宵营业,劲爆音乐的声浪，各种吵闹声音，噪音严重扰民，严重影响附近居民正常生活，请有关部门为民还一片清静。'],
 'content_img': [],
 'href': 'http://wz.sun0769.com/html/question/201810/388172.shtml',
 'publish_date': '2018-10-07 15:30:45',
 'title': '中堂中天城市广场BBFaceKTV通宵营业严重扰民'}
2018-10-08 11:22:30 [sunshine.pipelines] WARNING: {'content': ['位于莞城罗沙市场内海鲜区通道处，经常堆放大量共享单车，由于某些人的不文明行为，把共享单车乱停乱放，东倒西歪的堆放在通道里，严重堵塞道路不能通行，且影响旁边商户做生意，导致来市场消费的市民出入受阻，希望有关部门能够及时处理一下。'],
 'content_img': ['http://wz.sun0769.com/uploads/attached/2018/10/1a42877b8573f246c91b2418dd136d7c.jpg'],
 'href': 'http://wz.sun0769.com/html/question/201810/388182.shtml',
 'publish_date': '2018-10-07 15:46:28',
 'title': '莞城罗沙市场内共享单车乱堆乱放，堵塞道路，影响市民通行'}
2018-10-08 11:22:30 [sunshine.pipelines] WARNING: {'content': ['之前曾就宏川公司长期圈占公共停车位投诉过，东莞市城市综合管理局松山湖分局的答复是这样的：',
             '....收到投诉后，我分局高度重视，已安排工作人员调查了解相关情况。经与松山湖控股公司下属房地产公司查证：',
             '一、松科苑的红线范围在人行道中间位置，也就是说无论是租用或购买了松科苑的写字楼，门前的停车位都归属该单位自行使用，不属于公共停车位，包括：宏川、广发行、方旺大厦、农行等，门前停车位各自归属自己；',
             '二、宏川在购买松科苑的写字楼时，周边有19个停车位也一并购买，确为其专用车位；',
             '三、只有靠近沁园路边的停车位才是公共停车位，我分局工作人员已告诫宏川公司不得使用雪糕筒霸占这些公共停车位。',
             '下来，我分局将加强对该片区的巡查监管，一旦发现类似问题，将跟进处理。',
             '这里先请松山湖分局去查阅下我国有关公路的法律法规，学习了解下相关法律规定。通过网络查阅，本人找到的一些法律法规条文如下，供参考：',
             '中华人民共和国公路法（2017版）',
             '第三十四条规定如下：县级以上地方人民政府应当确定公路两侧边沟（截水沟、坡脚护坡道，下同）外缘起不少于1米的公路用地。',
             '第五十四条任何单位和个人未经县级以上地方人民政府交通主管部门批准，不得在公路用地范围以内设置公路标志以外的其他标志。',
             '中华人民共和国交通运输部《公路工程技术标准》(JTGB01-2014)：',
             '第1.0.5条：“公路用地范围为公路路堤两侧排水沟外边缘（无排水沟时为路堤或者护坡道坡角）以外，或路堑坡顶截水沟外边缘（无截水沟为坡顶）以外不小于1m范围内的土地；...”-----《公路工程技术标准》',
             '其他的暂且不说，仅根据上面的法规条文规定，至少在公路1米范围内是属于公路用地，是公用土地，不可以私自占用！！显然，投诉中提及的这些车位，至少有部分面积是公用用地，被私人圈占占用，请松山湖分局给个解释。',
             '现在就此答复的一些细节进行分析，首先我要说：该答复查证事实不清，明显偏袒涉事公司，甚至有执法违法之嫌疑。（1）答复中说“松科苑的红线范围在人行道中间位置，也就是说无论是租用或购买了松科苑的写字楼，门前的停车位都归属该单位自行使用，不属于公共停车位。...”请明确这里所说的“人行道”范围究竟在哪里？现场是看不到人行道的。根据常理常识理解，人行道肯定是位于道路两侧，该答复中都已经提到“松科苑的红线范围在人行道中间位置”，那么显而易见的是，至少有一半人行道面积是在松科苑红线范围之外的，本投诉涉及的停车位有多少是由这部分公共人行道面积转化而来？这些公共土地面积允许涉事公司肆意圈占吗？（2）回复中说“宏川在购买松科苑的写字楼时，周边有19个停车位也一并购买，确为其专用车位”。请贵分局核实这19个停车位是否涉及占用公共用地？如果这19个停车位包含本投诉所及的停车位，显然这里隐藏着侵占国用土地资产，私自买卖国用土地的违法事实！如果说因历史原因，错误地将公用土地划给房地产公司，现在也应该予以收回，让其回归公共用地的本质。（3）回复中有此叙述“...门前的停车位都归属该单位自行使用，不属于公共停车位，...，门前停车位各自归属自己”。请明确门前范围，请解释本投诉提及的停车位该如何归类到”门前“？（4）提醒松山湖分局，处理任何案例，都应该以法律为依据，而不能仅仅采信某些公司或单位的单方面说法。如确实要采信这些说法时候，应追本溯源，确保其合乎法律的要求。',
             '因此，在这里再次提出诉求：（1）让涉事公司拆除任何圈占公用停车位的设施，还公用停车位于大众；或者（2）请涉事公司将其公司私用的停车位移出公用土地范围。'],
 'content_img': [],
 'href': 'http://wz.sun0769.com/html/question/201810/388177.shtml',
 'publish_date': '2018-10-07 15:32:29',
 'title': '继续投诉宏川公司非法圈占公共停车位，并对东莞市城市综合管理局松山湖分局调查处理结果极不满意。'}
2018-10-08 11:22:30 [sunshine.pipelines] WARNING: {'content': ['本人于2018年10月7日傍晚19点左右在厚街赤岭商业横街的大众万货超市购买了一斤多柑桔（有购物小票原件），当时超市标价是1.95元/斤，可实际买单是19.5元/斤！重量是在0.27公斤，竟收我5.3元！当时由于本人还要处理其它事，就没有在意，反正也就几块钱的事。但我回到家后仔细看了购物小票跟价签纸，才发现这个低标高结问题。随后打电话与客服沟通，客服态度非常恶劣，首先怀疑我的事实，后又说那台称的价格有问题与称重有问题，后又说要调监控等等！感觉这家超市诚信严重有问题！希望厚街质量计量所跟食药监所的同志严查此超市！'],
 'content_img': ['http://wz.sun0769.com/uploads/attached/2018/10/cd849bba01c5c1db1f033a1805c507a2.png'],
 'href': 'http://wz.sun0769.com/html/question/201810/388207.shtml',
 'publish_date': '2018-10-08 11:07:36',
 'title': '关于厚街赤岭商业横街的大众万货超市低标高结问题'}
2018-10-08 11:22:30 [sunshine.pipelines] WARNING: {'content': ['我虎门镇白沙一村有出租屋牌坊路26号、秧地14号，在出租屋里经营赌档活动，打牌抽水，影响附近居民生活，败坏社会风气，希望有关部门给予整治，取缔。'],
 'content_img': [],
 'href': 'http://wz.sun0769.com/html/question/201810/388212.shtml',
 'publish_date': '2018-10-08 11:20:24',
 'title': '城市毒瘤'}
2018-10-08 11:22:30 [sunshine.pipelines] WARNING: {'content': ['《老地方》酒吧，前不久经我们投诉，政府相关部门执行处分后才暂停噪音。国庆假日起，又时不时的有酒客在夜晚唱起了音响。',
             '此地本来就是居民住所建筑，按法律规定是不能开酒吧的，因为会导致严重的噪音扰民。国家在2013年就有法规条文规定！按照《娱乐场所管理条例》第二条解释娱乐场所，是指以营利为目的，并向公众开放、消费者自娱自乐的歌舞、游艺等场所和《娱乐场所管理办法》第二条《条例》所称娱乐场所，是指以营利为目的，向公众开放、消费者自娱自乐的歌舞、游艺等场所。歌舞娱乐场所是指提供伴奏音乐、歌曲点播服务或者提供舞蹈音乐、跳舞场地服务的经营场所；游艺娱乐场所是指通过游戏游艺设备提供游戏游艺服务的经营场所。',
             '如果该清吧只是给顾客提供食品的消费，因此该清吧是不适用于《娱乐场所管理条例》和《娱乐场所管理办法》对其进行管理。那么我请问如果你不去消费酒水，酒吧老板会给你唱歌么？所谓这样的酒吧，酒水并不是真正的消费品（同样的酒水，你在超市会便宜得多！！），间接的以娱乐来营利才是目的。所以也一样适用此条款。请执法人员不要被这种擦边球给扰乱了逻辑。凡事要看破表象直达本质才能根本的解决问题。',
             '请相关执法部门，严格执法！停止违法骚扰！！',
             '酒吧地址：樟木头镇，维多利小区楼下，莞樟路跟樟深路的出口停车场中段（位于六千馆餐厅口上坡走约70米）',
             '酒吧名字叫：《老地方》'],
 'content_img': [],
 'href': 'http://wz.sun0769.com/html/question/201810/388209.shtml',
 'publish_date': '2018-10-08 11:13:14',
 'title': '樟木头镇的《老地方》酒吧夜间娱乐噪音扰民'}
2018-10-08 11:22:30 [sunshine.pipelines] WARNING: {'content': ['你好，我是横沥镇石冲村西城路边二区至三区，私人住宅116号业主。在此，就卫生问题提出三点投诉意见。',
             '第一，从西城二区至三区路边的房子，其后巷约三百米长，共好几十栋房屋一共才配置了两个垃圾桶，垃圾桶数目不足。建议合理配置多些桶。',
             '第二，垃圾桶放置的地点不合理。目前放置的两个垃圾桶中，有一个直接放在我家（116号）后门处，在垃圾桶不够用的情况下，附近居民别无选择的把垃圾放在垃圾桶外。因为数目太多，实在是堆积如山，臭气熏天。建议将垃圾桶往二区方向移8米左右，这是一个公共的大路口处，垃圾桶没有对到任何居民的家门，对谁也不会有影响，相信也没人有意见。',
             '第三，环卫工人把我家后巷作为垃圾中转站。可以说这是最困扰我的问题。穿着写有“建中清洁”字样工作服的环卫工人，每天多次用手推车从别处收集的垃圾，直接倾倒到我家后巷并作为垃圾中转站。几十户人家后门都很干净，就我家后门垃圾堆积如山，臭气熏天。我也和环卫工人交涉过，他们却说是领导安排的。建议请相关属地部门立即责令建中清洁公司停止非法倾倒。'],
 'content_img': [],
 'href': 'http://wz.sun0769.com/html/question/201810/388145.shtml',
 'publish_date': '2018-10-07 11:23:59',
 'title': '横沥镇石冲村西环路116号私人住宅后巷，卫生状况极度恶劣'}
2018-10-08 11:22:31 [sunshine.pipelines] WARNING: {'content': ['我是居住附近居民。近日国庆节发现石碣镇涌口村庆丰东路桔洲废品收购站违法建设砖房及违法增加架设铁棚。公然挑衅法律，望政府认真落实监督拆除违法建筑。还市民一个良好的生活环境。'],
 'content_img': [],
 'href': 'http://wz.sun0769.com/html/question/201810/388158.shtml',
 'publish_date': '2018-10-07 11:29:20',
 'title': '石碣涌口村桔洲废品收购站违法建设砖房及违法增加架设铁棚'}
2018-10-08 11:22:31 [sunshine.pipelines] WARNING: {'content': ['投诉菜鸟译站拒绝送件。每天找快递公司投诉都没用，没有经过本人的同意把快递丢在网点。天天要跑很远去拿快递。自从这个南部湾万科城125栋102号店菜鸟驿站开了以来从来就不送件了，以找快递公司跟这个网点投诉不下十几次，还是拒绝送件。',
             '申通快递有限公司',
             '7703113116221圆通速递有限公司',
             '801847098166768728邮政快递包裹',
             '9893619859163圆通速递有限公司',
             '801854201139170843'],
 'content_img': [],
 'href': 'http://wz.sun0769.com/html/question/201810/388148.shtml',
 'publish_date': '2018-10-07 11:27:38',
 'title': '投诉菜鸟译站拒绝送件'}
2018-10-08 11:22:31 [sunshine.pipelines] WARNING: {'content': ['东城两个公园挨着在一起，到了晚上，一边东城体育公园五彩灯光交错不停，而一衣相连的黄旗山体育公园，里面黑灯瞎火，出来石板路边有几盏灯光微弱的路灯，儿童乐园滑滑梯哪里，和海盗船沙地，一直到靠山的滑板场，都是黑麻麻的一片。记者朋友可以每天晚上天黑后，18:30-21:30，到里面来看看，好多家长拿着手机照明给小孩子玩，那场面，真的心累。稍不留神，小孩转眼不见了，真担心哪天晚上谁家的小孩会跑丢了。而且手机近距离照明，对小孩的视力也不好。以前这个公园晚上有两三盏那种高高的大灯照明的，但是现在坏了几个月了，还没见恢复照明功能，真的不方便大家晚上带孩子玩耍！不知道什么原因，希望各位领导关心一下，尽快提供晚间游玩时间段（18:30-21:30）的照明。谢谢！'],
 'content_img': ['http://wz.sun0769.com/uploads/attached/2018/10/90981d20d460b68cfda1d9d3cad2c60e.png'],
 'href': 'http://wz.sun0769.com/html/question/201810/388157.shtml',
 'publish_date': '2018-10-07 11:29:16',
 'title': '东城黄旗山体育公园公园晚间照明灯坏了几个月还未恢复'}
2018-10-08 11:22:31 [sunshine.pipelines] WARNING: {'content': ['十月六日下午五点四十分左右前往中国建设银行东莞政法支行的一号ATM自助存取款机器前进行存取款业务办理，从尾号0035的银行卡中毫无问题、毫无停顿的取出200元现金，再插入尾号8575的银行卡对刚刚取出的200元进行存款，机器第一次对两张纸币都不予以接纳，整理好对两张纸币再次进行存款，第二次还是不成功，再次整理后进行第三次存款，第三次存款ATM机器只接受了我一张百元纸币（剩下的一张如图）等我想再次进行存款时机器已不能选择再次存款。请解释为何建设银行ATM存存取机器的业务如此繁琐在贵行ATM上取出的纸币为何不能再次存入该机器，ATM上的存取现金业务是否存在双重标准，请银行尊重双方时间。'],
 'content_img': [],
 'href': 'http://wz.sun0769.com/html/question/201810/388147.shtml',
 'publish_date': '2018-10-07 11:27:11',
 'title': '建设银行ATM存取款存取款繁琐费时、不便民，怀疑存取现金遇双重标准'}
2018-10-08 11:22:31 [sunshine.pipelines] WARNING: {'content': ['树枝和泥土堆在路边.下水盖也没清.下个小雨都会涨水.'],
 'content_img': [],
 'href': 'http://wz.sun0769.com/html/question/201810/388160.shtml',
 'publish_date': '2018-10-07 11:29:46',
 'title': '凤岗镇东深二路北辅道三和盛外面台风过去很久也不清理'}
2018-10-08 11:22:31 [sunshine.pipelines] WARNING: {'content': ['税务局领导你好，',
             '东莞田禾枫丹名苑（卢浮公馆）物业费缴费不开发票。涉嫌偷税漏税。请查处。谢谢。',
             '之前7月份在田禾物业交了物业管理费和水费，申请开票，目前前去索要发票未果。物业告知只有复印件，没有正本。',
             '缴费了不能正常提供发票给业主，物业涉嫌偷税漏税。',
             '田禾集团和田禾物业属于同一公司，之前涉嫌偷税很多，很多税未交齐，建议重点查这个公司。'],
 'content_img': [],
 'href': 'http://wz.sun0769.com/html/question/201810/388164.shtml',
 'publish_date': '2018-10-07 11:30:12',
 'title': '东莞田禾枫丹名苑（卢浮公馆）物业费不开发票'}
2018-10-08 11:22:31 [sunshine.pipelines] WARNING: {'content': ['诸佛岭新村门前道路存在几处凹陷问题长久以来得不到改善，存在较大的安全隐患。在“山竹”台风后，凹陷问题更加严重。希望有关单位尽快维修。'],
 'content_img': [],
 'href': 'http://wz.sun0769.com/html/question/201810/388184.shtml',
 'publish_date': '2018-10-08 10:29:24',
 'title': '诸佛岭新村门前道路凹陷严重'}
2018-10-08 11:22:31 [sunshine.pipelines] WARNING: {'content': ['南城区宏七路恒大雅苑35栋1311号商铺“品味小厨”长期占道摆摊烧烤营业至凌晨三点，前前后后已有多名业主投诉物业、城管、派出所，但均无实质性效果（执法人员一来就勉强配合，执法人员刚走就冲着居民楼大骂并故意制造噪音至深夜）。随着天气转凉，晚上开窗睡觉的业主也越来越多，楼下油烟味及噪音（嬉笑声、酒瓶声、筛子声、甚至是计算器算账声）也越发明显，现在摆的桌位较执法之前报复性的有增无减，肆无忌惮的把社会公共资源据为己用。请东莞政府相关部门尽快从根本上解决此事，取缔商家，谢谢。'],
 'content_img': [],
 'href': 'http://wz.sun0769.com/html/question/201810/388185.shtml',
 'publish_date': '2018-10-08 10:32:20',
 'title': '烧烤摊占道经营、深夜扰民'}
2018-10-08 11:22:31 [sunshine.pipelines] WARNING: {'content': ['目前提倡环保出行，节能减排，还燃烧污染物质，排放到大气中，污染环境，污染空气，请贵部门去他那里让他停止污染环境，还我们一个美好的生活环境。'],
 'content_img': [],
 'href': 'http://wz.sun0769.com/html/question/201810/388174.shtml',
 'publish_date': '2018-10-07 15:31:35',
 'title': '振城包装严重污染，又黑烟冒出，应该是烧的污染物质。'}
2018-10-08 11:22:31 [sunshine.pipelines] WARNING: {'content': ['尊敬的房管局领导：',
             '自2018年9月20日起，东莞市幸福花苑开发有限公司在上东国际花园各栋住宅首层大堂张贴“团购促销地下车位的公告”，经查询市房管局网上公布的车位信息中仅有不足10个车位处于可售状态，大部分未售车位处于不可售状态，也就是存在车位被抵押的可能性，现场也无现售证供查询，经咨询现场销售人员，其无法回答准确解押时间，只是口头回答在网签之前解除抵押，该开发商此种销售车位方式涉嫌违规，套取业主车位款，为保障广大业主权益，请房管局领导现场查实并处理此事。谢谢！'],
 'content_img': [],
 'href': 'http://wz.sun0769.com/html/question/201810/388193.shtml',
 'publish_date': '2018-10-08 10:42:53',
 'title': '东莞市幸福花苑开发有限公司违规销售地下车库已抵押车位'}
2018-10-08 11:22:31 [sunshine.pipelines] WARNING: {'content': ['樟木头百果洞南区十巷一号居民楼一楼商铺内存在长期无证售卖液化石油气，经有关部门查处后，死灰复燃，居然在居民巷子内使用面包车作为仓库存放液化石油气，存在极大的安全隐患，望有关部门落实，还我安全生活'],
 'content_img': ['http://wz.sun0769.com/uploads/attached/2018/10/4d349cc2dfa04dfc377f48083ff11d53.jpg'],
 'href': 'http://wz.sun0769.com/html/question/201810/388196.shtml',
 'publish_date': '2018-10-08 10:47:17',
 'title': '居民楼内无证售卖液化石油气'}
2018-10-08 11:22:31 [sunshine.pipelines] WARNING: {'content': ['我家的移动宽带9月30号要到期。9月中旬的时候，中国移动宽带的电话外拨人员打电话给我，说我保持当前的手机套餐可以参加38+10的50兆宽带续约，我当时同意了。中国移动宽带也于9月19号下发短信给我要回复确认参加38+10的方案，我也及时回复，并收到中国移动宽带的回复说我已经成功续约家庭宽带。',
             '到10月3号我发现家里的宽带没有信号，到电话到1008616的中国移动宽带去问，他们才告诉我我手机的套餐不符合要求，宽带没有续约成功，我说你们的外拨人并未说手机套餐有什么要求，只是要消费38元。我说你们并且回复我家庭宽带续约成功了。当时她们回复此事需要登记下来让他们的领导处理此事。48小时会有短信回复，96小时会有专人电话回复。',
             '接下来开始漫长的等待，因为我着急着用网络，我上午一个电话，下午一个电话，一线客服只是回复等待他们的领导处理此事，48小时内始终没有短信回复，只能继续上午一个电话，下午一个电话，在第4天终于有人来电话了，给我道歉，说是他们的外拨人员培训不到位，对业务不熟悉，他们会对客服人考核绩效。但对于我的宽带如何续约确要我按正常流程，要么转套餐要么按720元一年办理纯宽带。我和她理论也没有用，她说他们只能有这样的方案。转手机套餐要第二个月生效，我着急着用网络，我只能去沟通100办理720元一年的纯宽带。',
             '请问中国移动，你们回复我家庭宽带续约成功了，相当于我和你们签约成功了，而后你们就轻易反悔，说我不符合要求，外拨人不代表你们中国移动吗，你们有诚信吗？',
             '你们没有诚信，千呼万唤来个电话出来和我道歉，却要我们来承担中国移动不守诚信的后果。你们有道德吗？'],
 'content_img': [],
 'href': 'http://wz.sun0769.com/html/question/201810/388197.shtml',
 'publish_date': '2018-10-08 10:49:17',
 'title': '我已经成功续约家庭宽带，而后又说我的家庭宽带续约不成功'}
2018-10-08 11:22:31 [sunshine.pipelines] WARNING: {'content': ['一下小雨路上就积水.晴天尘土飞'],
 'content_img': [],
 'href': 'http://wz.sun0769.com/html/question/201810/388191.shtml',
 'publish_date': '2018-10-08 10:38:51',
 'title': '凤岗东深二路北辅道三和盛路口台风后的垃圾一直不清理'}
2018-10-08 11:22:31 [sunshine.pipelines] WARNING: {'content': ['东莞市寮步镇黄沙河东路排涝站旁的公路及人行道两侧停满了二手车，给行走的车辆造成严重的交通拥堵及行人无法在人行道行走，带来不便。'],
 'content_img': [],
 'href': 'http://wz.sun0769.com/html/question/201810/388194.shtml',
 'publish_date': '2018-10-08 10:44:22',
 'title': '扫黑除恶霸道放车'}
2018-10-08 11:22:31 [sunshine.pipelines] WARNING: {'content': ['东莞市中堂镇三涌陈屋新村空气严重受到污染，村民每晚闻着阵阵恶臭，回到家里都要马上关门关窗。公共运动场所，唯一一个篮球场，遍地垃圾，甚至有村民在篮球场晒着各种臭饭，各种剩菜，到处蚊虫，无人处理，阵阵臭味严重影响生活，望有关部门尽快处理。'],
 'content_img': [],
 'href': 'http://wz.sun0769.com/html/question/201810/388198.shtml',
 'publish_date': '2018-10-08 10:50:19',
 'title': '空气污染严重'}
2018-10-08 11:22:35 [sunshine.pipelines] WARNING: {'content': ['莞城小学附近晚高峰两侧车辆随意停放现象特别严重，横着、竖着都有，每次路过的时候都会堵车，希望能够加强监管，对于乱停车现象及时处理。'],
 'content_img': [],
 'href': 'http://wz.sun0769.com/html/question/201810/388142.shtml',
 'publish_date': '2018-10-07 11:23:25',
 'title': '莞城小学附近乱停车'}
2018-10-08 11:22:35 [sunshine.pipelines] WARNING: {'content': ['望牛墩北环路到水乡大道工程从2013年至今一直断头，无人理会。之前咨询回答说2018年6月会从新动工，但至今豪无音讯。现在希望市政府重视此事，对各种不作为及可能存在违规行为进行查处，给市民一个交代，具体如下：',
             '1.该路为何在2013年时出现断头？2.断头后当初修路资金去哪里了？',
             '3.何时复工再修，何时完工?',
             '4.对于一直不施工和施工延迟该追究谁的责任？如何处分？'],
 'content_img': [],
 'href': 'http://wz.sun0769.com/html/question/201810/388140.shtml',
 'publish_date': '2018-10-07 11:23:12',
 'title': '望牛墩北环路中洪支线到水乡大道断头路一直不修'}
2018-10-08 11:22:35 [sunshine.pipelines] WARNING: {'content': ['今天坐东莞872公交从智通人才市场到金澳花园，不到三个站，一公里，司机说收费4元。以前3路车才2元。现在公交这么贵吗堪比打的，2个人就8元了早知道打的。司机不停与一个乘客聊天也不太注意安全。现在东莞872公交是不是上车就4元。车内的收费写着分段收费起步2元。难道升价了一倍？这种递减方式是不是有问题？'],
 'content_img': [],
 'href': 'http://wz.sun0769.com/html/question/201810/388143.shtml',
 'publish_date': '2018-10-07 11:23:35',
 'title': '东莞872收费不清晰存在很大问题'}
2018-10-08 11:22:35 [sunshine.pipelines] WARNING: {'content': ['位于东莞市南城区新基陈屋村62号，村霸房主在门前道路上安装三角停车锁和大量大石头影响行人和车辆出入带来不便。还有这栋62号店铺想家便利店和水果店每天都把桌子和东西摆放在道路上严重阻碍道路。本人向村有关部门多次反映，在2018年9月18日城管局和有关部门联合行动才能把道路上的三角架拆除！！！',
             '可惜当天拆除后村霸房主当天晚又把三角停车锁安装上和找来大量大石头、旧轮胎占用道路，无法无天、无视法律。请上一级有关部门对这种村霸行为加大力度处理和加大力度对道路管理谢谢！！'],
 'content_img': ['http://wz.sun0769.com/uploads/attached/2018/10/377af8efda1fbcce8d191d02b463531c.jpg'],
 'href': 'http://wz.sun0769.com/html/question/201810/388135.shtml',
 'publish_date': '2018-10-07 11:21:25',
 'title': '村霸占用道路'}
2018-10-08 11:22:35 [sunshine.pipelines] WARNING: {'content': ['10月6日，本人购买了一张欢乐天地套票，购买前已在现场向工作人员说明是给1.1米左右的小朋友玩的，客服表示要买套票并说明有身高限制1.2的是不可以玩的，并指引本人通过网购票方式买了一张儿童套票，玩项目过程，却要求大人买票陪同，否则不可以玩！如：救火队，豪华转马等，而童心车队，激情桑巴这些项目则没有要求大人陪同？为何区别对待？向客服反馈表示安全着想！如果安全着想，个人认为类似激情桑巴更危险！否则购买时也应口头告之。谢谢'],
 'content_img': [],
 'href': 'http://wz.sun0769.com/html/question/201810/388138.shtml',
 'publish_date': '2018-10-07 11:22:43',
 'title': '实际与宣传不符'}
2018-10-08 11:22:35 [sunshine.pipelines] WARNING: {'content': ['领导好，',
             '林东路路窄灰尘又大，加上到处乱停车，现在日本电产新工厂搬到附近，人流车流越来越多，希望镇委镇政府能为民办事，早日升级改造林东路，新阳路到环市东路这一段，非常感谢。'],
 'content_img': [],
 'href': 'http://wz.sun0769.com/html/question/201810/388096.shtml',
 'publish_date': '2018-10-07 11:05:14',
 'title': '升级改造林东路'}
2018-10-08 11:22:35 [sunshine.pipelines] WARNING: {'content': ['今天操作了一下东莞通APP的虚拟卡，在默认的时候充值30元，无法到账，新增一张卡后却可以马上到账，但之前充的30元一直不到，电话联系不上，可能都放假了。只能传一张图片~这是充值记录~'],
 'content_img': ['http://wz.sun0769.com/uploads/attached/2018/10/86f471cbab395ec449cac4d288510048.jpg'],
 'href': 'http://wz.sun0769.com/html/question/201810/388139.shtml',
 'publish_date': '2018-10-07 11:22:50',
 'title': '东莞通APP充值虚拟卡无法正常到账号'}
2018-10-08 11:22:35 [sunshine.pipelines] WARNING: {'content': ['东莞石竭镇玖颂江湾，又名中熙国际花园，临近高速公路和环城路，小区噪音非常大，商品房在购买时候不能实景看房，现在实景房里面测试噪音都在60到90分贝，已经不能正常入住，普通劳动人民花一辈子的血汗钱买房安家，希望政府出面要求开发商给出解决办法，解决民生问题，感谢🙏'],
 'content_img': [],
 'href': 'http://wz.sun0769.com/html/question/201810/388100.shtml',
 'publish_date': '2018-10-07 11:07:09',
 'title': '东莞石竭镇玖颂江湾高速噪音太大，严重影响居住'}
2018-10-08 11:22:35 [sunshine.pipelines] WARNING: {'content': ['石龙东风路,本来车位紧缺,不在线内都抄牌,这家茵美诗,一直霸占多个车位,就算不停车,也不让别人停,每次停车,保安总是出来漫骂,说这是老板买下来的.请问街道上的车位能买的吗?有何购买凭证.希望严惩.'],
 'content_img': [],
 'href': 'http://wz.sun0769.com/html/question/201810/388104.shtml',
 'publish_date': '2018-10-07 11:08:32',
 'title': '私霸车位'}
2018-10-08 11:22:35 [sunshine.pipelines] WARNING: {'content': ['冼沙一坊旧围鱼塘边，木柴堆积如山高，导致蛇虫鼠蚁在里面繁殖，还在旁边生火煮食，严重影响周边生活环境，请及时处理。'],
 'content_img': ['http://wz.sun0769.com/uploads/attached/2018/10/1c13261808f8a99db038b496c0c2d1a4.png'],
 'href': 'http://wz.sun0769.com/html/question/201810/388137.shtml',
 'publish_date': '2018-10-07 11:22:22',
 'title': '消防安全问题'}
2018-10-08 11:22:35 [sunshine.pipelines] WARNING: {'content': ['桥头镇李屋村金湖路81号巨嘉工业区斜对面的道路及下水道工程，从5月停工到现在一直未在动工，挖的坑已经填满杂物，施工现场严重影响交通和附近居民的出行安全，这条路段其他坑都已经施工完成等待铺路，唯独这个工地早早开工至今未完工，请有关领导核实并解决，以免出现意外事故，谢谢！'],
 'content_img': [],
 'href': 'http://wz.sun0769.com/html/question/201810/388099.shtml',
 'publish_date': '2018-10-07 11:05:43',
 'title': '桥头镇李屋村金湖路81号门口施工现场挖深坑后停工几个月严重影响交通和附近居民的出行安全'}
2018-10-08 11:22:35 [sunshine.pipelines] WARNING: {'content': ['（晚间噪音扰人）横沥镇田坑村兴业路八街38号小型加工店-门口有印刷广告牌。总是在晚上8点后作业到深夜（白天也偶尔作业）噪音非常大扰人睡眠，其切割材料（望有关部门严查希望夜间不要作业噪音扰人睡觉）'],
 'content_img': [],
 'href': 'http://wz.sun0769.com/html/question/201810/388106.shtml',
 'publish_date': '2018-10-07 11:08:40',
 'title': '小型加工店夜里作业噪音扰民（每晚都扰民没有停过）加工到凌晨早上5点。'}
2018-10-08 11:22:35 [sunshine.pipelines] WARNING: {'content': ['我于2018年3月在长城宽带续费了一条100M的光纤，使用时间是30个月，费用是1300元。在使用至2018年8月4号就断网了，至今都没有恢复。当时我就打长城宽带客服报了故障，他们说是突发性区域故障，会尽快恢复。后来又说是政府三线整改，长城宽带客服告诉我说会尽快整改后叫工作人员联系我，可是我盼星星盼月亮都没有人联系我。期间我打了不下20次客服电话，他们总是说会上报并帮我处理，最后都如石沉大海，我也试着联系了技术工程人员，要么说忙，要么直接挂断，可是到现在（10月4号）从来没有所谓的工作人员联系我，也没见人来维修，一直到10月5号我又联系到另一个人他才告诉我整改后根本没拉网线到我们这里来了，他们这种总是一而再再而三的拖延啊。既不处理也不退钱，请问对于他们这种一拖再拖的行为我该怎么办。'],
 'content_img': [],
 'href': 'http://wz.sun0769.com/html/question/201810/388101.shtml',
 'publish_date': '2018-10-07 11:07:29',
 'title': '长城宽带断网不处理，也不退钱。'}
2018-10-08 11:22:35 [sunshine.pipelines] WARNING: {'content': ['投诉中国移动强行为我开通以下套餐业务并不能马上取消！！一定要到期后才能取消？如果我未能及时取消呢？是不是带有强制性消费！请给合理答复！我没有申请同意，为何能开通？还要自己自行取消？到底谁授权给你开通业务的？',
             '尊敬的客户：恭喜您获得20GB/月流量包（不含港澳台）0元试用三个月专属福利！优惠话费先扣费后返还，试用期结束后将恢复特惠价20元/月，您可自行取消。限量特惠限当日24点前回复8889申请。【中国移动】'],
 'content_img': ['http://wz.sun0769.com/uploads/attached/2018/10/6d14929991ca1a50d18f125b730bbb8b.jpg'],
 'href': 'http://wz.sun0769.com/html/question/201810/388107.shtml',
 'publish_date': '2018-10-07 11:08:51',
 'title': '投诉中国移动未经同意强行为我办理套餐'}
2018-10-08 11:22:35 [sunshine.pipelines] WARNING: {'content': ['东城下桥银珠街货车占道严重，原本双向6个车道，硬生生的被前往水果市场的大货车占成了单行道。上下班高峰期经常塞车。'],
 'content_img': ['http://wz.sun0769.com/uploads/attached/2018/10/0922e49c6f9723023c14d9e612ecb034.jpg'],
 'href': 'http://wz.sun0769.com/html/question/201810/388087.shtml',
 'publish_date': '2018-10-07 10:57:19',
 'title': '东城 下桥 银珠街货车占道严重'}
2018-10-08 11:22:35 [sunshine.pipelines] WARNING: {'content': ['东城街道峡口社区沙岭工业区东翔企业附近偷排工业气体，经常在傍晚到晚上偷排工业气体到松柏坊一巷、二巷的居民区，导致本人支气管炎一个多月天都不能愈合'],
 'content_img': [],
 'href': 'http://wz.sun0769.com/html/question/201810/388144.shtml',
 'publish_date': '2018-10-07 11:23:53',
 'title': '东城街道峡口社区沙岭工业区东翔企业附近偷排工业气体'}
2018-10-08 11:22:35 [sunshine.pipelines] WARNING: {'content': ['东莞市上级领导你们好！沙田镇环保城路口邮政银行右侧边有一个华为手机商店，我于2018年08月16日买了一台华为dualens手机，机身号860144042230453含税发票价格2500元。当时要求开发票。店负责人唐*(手机号码1800265****)说要一个月之后才可以开正式发票.我在2018年09月20日后几次要求开票.他又说要补费用后才给开发票,当时在手机销售单编号0003823上注明含有国税发的。希望上给部门帮助解决，相信你们是有能力的。'],
 'content_img': ['http://wz.sun0769.com/uploads/attached/2018/10/0ec6d72ae28a0c6a36275a1e3ebe14db.jpg'],
 'href': 'http://wz.sun0769.com/html/question/201810/388089.shtml',
 'publish_date': '2018-10-07 11:03:26',
 'title': '东莞市华为手机公司买机不开发票'}
2018-10-08 11:22:35 [sunshine.pipelines] WARNING: {'content': ['尊敬的领导们，',
             '你们好！',
             '碧桂园十里江湾房子的橱柜下方不贴瓷砖，',
             '存在严重的偷工减料，抱着侥幸心里，以想蒙骗业主。',
             '早前碧桂园有回复都是依施工图来施工，',
             '请问碧桂园的施工图是否合理？又是由哪些相关部门审批通过的？',
             '为何电视柜下，床下等等，在施工图上都有注明要贴瓷砖吗？',
             '谢谢领导为人民众群众主持公道。',
             '谢谢！',
             '黄生'],
 'content_img': ['http://wz.sun0769.com/uploads/attached/2018/10/780fcc54822fec7b43f53ab65b0b345d.jpg'],
 'href': 'http://wz.sun0769.com/html/question/201810/388091.shtml',
 'publish_date': '2018-10-07 11:04:34',
 'title': '碧桂园十里江湾 - 橱柜下方不贴瓷砖'}
2018-10-08 11:22:35 [sunshine.pipelines] WARNING: {'content': ['石碣镇刘屋文化广场跳广场舞原本是有益身心健康的事，但是音乐放得太大，村民不得安宁！音响方向正对着村美村，每天噪音时间是夜晚8点至9点！家里婴儿都睡不好，屡次被吵醒！请有关部门协助解决，能不能把声音降低，还村民一刻安宁？谢谢！'],
 'content_img': [],
 'href': 'http://wz.sun0769.com/html/question/201810/388094.shtml',
 'publish_date': '2018-10-07 11:04:55',
 'title': '石碣镇刘屋村文化广场广场舞噪音有没有人管'}
2018-10-08 11:22:35 [sunshine.pipelines] WARNING: {'content': ['你好，我是在白濠村经营小加工厂的，每月要从水费中交50元垃圾费，但倒垃圾的工人还要我交50元给他，几层的经营者每户都要收，否则不倒垃圾。这合理？问过周边的经营者都是这样，垃圾桶不清理，只能无奈交钱，交钱后才清理？'],
 'content_img': [],
 'href': 'http://wz.sun0769.com/html/question/201810/388093.shtml',
 'publish_date': '2018-10-07 11:04:50',
 'title': '厚街白濠私收垃圾费'}
2018-10-08 11:22:35 [sunshine.pipelines] WARNING: {'content': ['我们2016年8月选择东莞市俊哲装饰设计有限公司对我家进行装修，没有结完款前什么都好，待装修完成款基本结完了。以后态度就变了。现在出现质量问题一拖再拖，装修不到一年就出现主卧洗手间渗水到次卧墙面，导致次卧墙面脱落。阳台下水道边缘漏水，插座坏，灯坏，网线不通等问题。联系处理，只有插板和阳台漏水问题处理。现在洗手间渗水问题从年后3月反应到现在一直没有处理，联系就说安排一直拖着。投诉连部门都找不到，不归工商部门管，城乡建设部说没有注册在案的公司他们管不了。希望政府部门能帮忙处理一下，谢谢！'],
 'content_img': [],
 'href': 'http://wz.sun0769.com/html/question/201810/388121.shtml',
 'publish_date': '2018-10-07 11:12:57',
 'title': '俊哲装饰装修质量问题一直不处理'}
2018-10-08 11:22:35 [sunshine.pipelines] WARNING: {'content': ['莲湖新村翠莲阁A3，A4单元对面一楼《阿基餐馆》，晚上7点左右，门店外露烧烤排油烟很严重拢民生活，我们住户想打开窗都不敢开，此露天的烧烤摊刚开不久，以前是没有的，生活还算平静，现在，出现这个外露烧烤，我们住左右两边的楼上楼下住户都很反感这个摊点，我们居民不反对他餐馆在窒内生意，但不能在门店外露烧烤乱吹排油烟直接对我们住户，而且是用大功率的抽烟机往楼上吹，小孩，大人都受不了，建议管理部门取帝这个门店外露烧烤排油烟，谢谢。'],
 'content_img': [],
 'href': 'http://wz.sun0769.com/html/question/201810/388119.shtml',
 'publish_date': '2018-10-07 11:11:08',
 'title': '阿基餐馆，晚上7点左右，外露烧烤排油烟严重拢民'}
2018-10-08 11:22:35 [sunshine.pipelines] WARNING: {'content': ['松湖幸福花园北面，也就是2号门对面的建筑工地，于10月5日通宵达旦地作业，严重扰民，整夜都听见机器轰鸣声。在此之前，也未见在通行的建筑作业时间工作，一般早上5、6点就开始作业，之前晚上还未见严重超时，所以也就忍了。但是昨晚实在过分，让幸福花园北面的住户无法安然入睡。希望引起有关部分注意，对此类问题严肃处理。'],
 'content_img': [],
 'href': 'http://wz.sun0769.com/html/question/201810/388111.shtml',
 'publish_date': '2018-10-07 11:09:22',
 'title': '松湖幸福花园北面建筑工地严重扰民'}
2018-10-08 11:22:35 [sunshine.pipelines] WARNING: {'content': ['我是一名中堂公安的协警，本人工作12年，每周值班2天48小时，加上3天正常上班时间8小时，即是每周上班时间为72小时，而我每月工资2642，平均下来每小时约9.17元，随着物价上涨，工资不调，住房公积金还是150元！加上工作量的增加，己经让我感到无动力再继续努力下去，希望上面领导重视，能带给后面来的同志得到应有的福利吧！'],
 'content_img': [],
 'href': 'http://wz.sun0769.com/html/question/201810/388131.shtml',
 'publish_date': '2018-10-07 11:20:07',
 'title': '工资待遇'}
2018-10-08 11:22:35 [sunshine.pipelines] WARNING: {'content': ['之前有群众在阳光热线反映“提问：咨询及投诉隆溪路与宏六路交汇处闲置地区相关事宜编号:166988”的问题，当时南城城管分局有回复说准备进行绿化施工改造。但是1年后再次回看，这个地块变成了某停车场，请问之前规划的绿化改造哪去了？'],
 'content_img': ['http://wz.sun0769.com/uploads/attached/2018/10/446bdbd9475206fb8f5adf02b592726a.png'],
 'href': 'http://wz.sun0769.com/html/question/201810/388132.shtml',
 'publish_date': '2018-10-07 11:20:21',
 'title': '规划绿化改造的地块一年后变成停车场'}
2018-10-08 11:22:35 [sunshine.pipelines] WARNING: {'content': ['问题发生地：东莞市望牛墩镇天诚时代住宅小区',
             '我是该小区的业主',
             '举报问题一：该小区物业管理服务收费违规，该小区的物业公司，收费是按季度预收的，每次收三个月，按照《东莞市发展和改革局、东莞市房产管理局关于物业服务收费管理实施细则》，物业费不能预收，除非自愿，只能按月收，该小区的物业公司现在违规收费。',
             '举报问题二：该小区的物业收费没有备案，收费标准按照一级的收费标准，但是服务质量没有达到一级的收费标准。',
             '举报问题三：该小区的物业收停车费过高，超过半个小时停车费就要收费5元，免费停车时长过短，而且收费标准远高于，该区域的停车收费标准。',
             '诉求：敦促有关部门整顿该物业管理收费公司的违法违规行为！'],
 'content_img': [],
 'href': 'http://wz.sun0769.com/html/question/201810/388127.shtml',
 'publish_date': '2018-10-07 11:16:18',
 'title': '东莞市望牛墩镇天诚时代住宅下区物业管理服务收费违规'}
2018-10-08 11:22:35 [sunshine.pipelines] WARNING: {'content': ['虎门中科二楼图书馆，本来是一个安静的读书环境，现在却有十多台抓娃娃机之类的机子供大量小朋友在玩，严重影响图书馆的安静，违贝图书馆的初充，希望有关部门能够处理一下'],
 'content_img': [],
 'href': 'http://wz.sun0769.com/html/question/201810/388134.shtml',
 'publish_date': '2018-10-07 11:21:00',
 'title': '虎门中科二楼图书馆有很多抓娃娃机'}
2018-10-08 11:22:35 [sunshine.pipelines] WARNING: {'content': ['尊敬的局领导：',
             '本人孩子就读于广东省东莞市大朗镇水霖学校九年级二班（事发时）。2017年10月12日零晨，于学校宿舍（204）室熟睡中从上床摔下，同宿舍同学听到咚！的一声响后惊醒，开灯后发现孩子躺在地上，处于抽筋的状态。由宿管老师及同学送至大朗医院，摔伤时因头部先着地。经急诊CT显示为：重型颅脑损伤，硬膜下100毫升左右血肿形成，蛛网膜下腔出血。医院下达病危通知书，马上送入手术室，切除四分之一的头骨，清除血肿。学校负责人第二天上午去医院看望时，孩子在ICU.如此重大伤害事故，学校事发后没有书面报告上报教育局（教育局负责人回复），教育局有关负责人没有组织事故调查组调查现场.明显违返了广东省校园伤害事故处理办法及安全生产事故调查与处理条例.致使事故无人定责，学校上报仅仅是电话告知教育局：孩子已经醒了。而教育局将事情交予学校与家长处理。也从未向家长了解有关孩子的情况。学校每次单方面向教育局反映的是事情处理得很好。事实是家长因为是单身妈妈，一个人在医院照顾孩子。每一次医院催交费用时，是家长打电话给学校老师——副校长——校长，多次申请后，第一次医辽费用家长自付一万五仟元，学校垫付五万元.第二次医辽费用学校组织校内捐款三万元，家长自付一万柒仟元.',
             '家长于4月26日将伤残鉴定报告，所有费用单据交由学校。但是学校并没有给出理赔方案，而是将理赔交予校园责任险保险公司。因为没有事故调查报告，校园责任险公司以孩子已满14周岁为依据，只负责三成理赔。家长于6月22日去镇教育局申请调解，期间仅仅是本人打电话向教育局咨询进展，回复是：正跟学校，保险公司沟通中。直到9月19日，本人因为上班只得请假去镇教育局，才了解到，结果还是同之前。又于9月26日去镇信访局申请，镇信访局将事情交予教育局。事情还是回到原点。',
             '作为学校方面没有保护现场，事发几周后加长了上床护栏。破坏现场证据.教育局负责人称：“当时有量度尺寸，但是没有作笔录。知道护栏高度是够，但是护栏口太宽是事实.”孩子醒来后不记得事发原因，因为是熟睡中摔下的。到现在同宿舍同学都已毕业回老家上高中，很难联系上.好好的孩子送去学校，周三晚上接到电话，去医院面对的是：病危通知书——手术同意书——七个小时的手术——四分之一的头骨被切除（仅仅才十四岁的年纪）——五天的ICU——50天的住院陪护——出院后的护理——九级伤残（一辈子）——多次的走访教育局——信访局——漫长地等待.将一个单亲妈妈的身心催残到蘋临崩溃的境地。副校长曾信誓旦旦地说：“您尽管放心照顾好孩子，学校不是其它地方，不会跑。该学校负责的学校会负责！”作为家长，也曾愿意去相信。学校是培育孩子的地方。.如果作为负责人，不能以身作则。那何以让孩子们从规导矩？试问如果受伤的孩子是负责人的孩子，你们会如何来面对这个事故？如何来接受这三成的赔付？作为普通老百姓，不能要求每个在岗工作人员凭着良心办事，至少可以要求按照程序来办事吧？否则何来社会稳定，人民安居乐业？万望各界爱心人士，各相关部门领导伸出援手，帮帮我们母子。详细调查事情经过，给孩子一个公平的伤残理赔，也给每个家长一个合理的解释！谢谢！'],
 'content_img': [],
 'href': 'http://wz.sun0769.com/html/question/201810/388133.shtml',
 'publish_date': '2018-10-07 11:20:56',
 'title': '学生受伤事故处理'}
2018-10-08 11:22:35 [sunshine.pipelines] WARNING: {'content': ['按照规定只要国道两侧20米以内的土地没有被征收，不得擅自建设房屋或者其他设施，但大朗镇沙步村的华南国际汽配城直接把门前一大片空地直接用石墩拦截起来，禁止车辆通行，还立牌说禁止通过，捉到罚款，请问他们这样做合理合规么，这样拦截起来大大影响周围居民出入，望督促整改'],
 'content_img': [],
 'href': 'http://wz.sun0769.com/html/question/201810/388090.shtml',
 'publish_date': '2018-10-07 11:03:58',
 'title': '大朗镇沙步107国道旁华南国际汽配城门口非法设卡立牌拦路'}
2018-10-08 11:22:39 [scrapy.core.downloader.handlers.http11] WARNING: Got data loss in http://wz.sun0769.com/index.php/question/questionType?type=4&page=60. If you want to process broken responses set the setting DOWNLOAD_FAIL_ON_DATALOSS = False -- This message won't be shown in further requests
